[22:24:18.376] INFO  [main] jKad.controller.JKad - Initializing JKad...
[22:24:18.376] DEBUG [main] jKad.controller.JKad - Reading properties from file C:\Documents and Settings\Administrator\workspace\JKad\jkad.properties
[22:24:18.376] DEBUG [main] jKad.controller.JKad - All necessary properties found
[22:24:18.391] INFO  [main] jKad.controller.JKad - Starting JKad with 1 nodes
[22:24:18.391] DEBUG [main] jKad.controller.JKad - Launching Node0
[22:24:18.391] INFO  [main] jKad.controller.JKad - JKad sucessfully started
[22:24:23.391] INFO  [main] jKad.controller.JKad - Stop command received, JKad going down!
[22:24:23.391] DEBUG [main] jKad.controller.JKad - Stopping Node0
[22:24:23.391] ERROR [Node0.UDPReceiver] jKad.controller.io.UDPReceiver - java.net.SocketException: socket closed
[22:24:23.407] DEBUG [main] jKad.controller.JKad - Node0 stopped
[22:24:23.407] INFO  [main] jKad.controller.JKad - JKad Sucessfully shutdown! Have a nice day ;)
[22:24:32.329] INFO  [main] jKad.controller.JKad - Initializing JKad...
[22:24:32.329] DEBUG [main] jKad.controller.JKad - Reading properties from file C:\Documents and Settings\Administrator\workspace\JKad\jkad.properties
[22:24:32.329] DEBUG [main] jKad.controller.JKad - All necessary properties found
[22:24:32.329] INFO  [main] jKad.controller.JKad - Starting JKad with 1 nodes
[22:24:32.329] DEBUG [main] jKad.controller.JKad - Launching Node0
[22:24:32.329] INFO  [main] jKad.controller.JKad - JKad sucessfully started
[22:24:37.376] INFO  [main] jKad.controller.JKad - Stop command received, JKad going down!
[22:24:37.376] DEBUG [main] jKad.controller.JKad - Stopping Node0
[22:24:37.376] ERROR [Node0.UDPReceiver] jKad.controller.io.UDPReceiver - java.net.SocketException: socket closed
[22:24:37.391] DEBUG [main] jKad.controller.JKad - Node0 stopped
[22:24:37.391] INFO  [main] jKad.controller.JKad - JKad Sucessfully shutdown! Have a nice day ;)
[22:30:23.188] INFO  [main] jKad.controller.JKad - |-----------------------------------------------------|
[22:30:23.188] INFO  [main] jKad.controller.JKad - |   JKad                                              |
[22:30:23.188] INFO  [main] jKad.controller.JKad - |     @author Bruno Colameo de Arruda Penteado        |
[22:30:23.188] INFO  [main] jKad.controller.JKad - |     @email  polaco@gmail.com                        |
[22:30:23.188] INFO  [main] jKad.controller.JKad - |     @url    http://sourceforge.net/projects/jkad    |
[22:30:23.219] INFO  [main] jKad.controller.JKad - |-----------------------------------------------------|
[22:30:23.219] DEBUG [main] jKad.controller.JKad - Reading properties from file C:\Documents and Settings\Administrator\workspace\JKad\jkad.properties
[22:30:23.219] DEBUG [main] jKad.controller.JKad - All necessary properties found
[22:30:23.235] INFO  [main] jKad.controller.JKad - Starting JKad with 1 nodes
[22:30:23.235] DEBUG [main] jKad.controller.JKad - Launching Node0
[22:30:23.235] INFO  [main] jKad.controller.JKad - JKad sucessfully started
[22:30:28.235] INFO  [main] jKad.controller.JKad - Stop command received, JKad going down!
[22:30:28.235] DEBUG [main] jKad.controller.JKad - Stopping Node0
[22:30:28.235] ERROR [Node0.UDPReceiver] jKad.controller.io.UDPReceiver - java.net.SocketException: socket closed
[22:30:28.235] DEBUG [main] jKad.controller.JKad - Node0 stopped
[22:30:28.235] INFO  [main] jKad.controller.JKad - JKad Sucessfully shutdown! Have a nice day ;)
[22:30:51.891] INFO  [main] jKad.controller.JKad - |-----------------------------------------------------|
[22:30:51.907] INFO  [main] jKad.controller.JKad - |   JKad                                              |
[22:30:51.907] INFO  [main] jKad.controller.JKad - |     @author Bruno Colameo de Arruda Penteado        |
[22:30:51.907] INFO  [main] jKad.controller.JKad - |     @email  polaco@gmail.com                        |
[22:30:51.907] INFO  [main] jKad.controller.JKad - |     @url    http://sourceforge.net/projects/jkad    |
[22:30:51.907] INFO  [main] jKad.controller.JKad - |-----------------------------------------------------|
[22:30:51.907] INFO  [main] jKad.controller.JKad - Starting JKad with 1 nodes
[22:30:51.907] INFO  [main] jKad.controller.JKad - JKad sucessfully started
[22:30:56.922] INFO  [main] jKad.controller.JKad - Stop command received, JKad going down!
[22:30:56.922] ERROR [Node0.UDPReceiver] jKad.controller.io.UDPReceiver - java.net.SocketException: socket closed
[22:30:56.938] INFO  [main] jKad.controller.JKad - JKad Sucessfully shutdown! Have a nice day ;)
[22:31:41.126] INFO  [main] jKad.controller.JKad - /-----------------------------------------------------
[22:31:41.126] INFO  [main] jKad.controller.JKad - |   JKad                                              
[22:31:41.126] INFO  [main] jKad.controller.JKad - |     @author Bruno Colameo de Arruda Penteado        
[22:31:41.126] INFO  [main] jKad.controller.JKad - |     @email  polaco@gmail.com                        
[22:31:41.126] INFO  [main] jKad.controller.JKad - |     @url    http://sourceforge.net/projects/jkad    
[22:31:41.126] INFO  [main] jKad.controller.JKad - |                                                     
[22:31:41.126] INFO  [main] jKad.controller.JKad - Starting JKad with 1 nodes
[22:31:41.126] INFO  [main] jKad.controller.JKad - JKad sucessfully started
[22:31:46.141] INFO  [main] jKad.controller.JKad - Stop command received, JKad going down!
[22:31:46.141] ERROR [Node0.UDPReceiver] jKad.controller.io.UDPReceiver - java.net.SocketException: socket closed
[22:31:46.141] INFO  [main] jKad.controller.JKad - JKad Sucessfully shutdown! Have a nice day ;)
[22:32:02.454] INFO  [main] jKad.controller.JKad - /-----------------------------------------------------
[22:32:02.469] INFO  [main] jKad.controller.JKad -    JKad                                              
[22:32:02.469] INFO  [main] jKad.controller.JKad -      @author Bruno Colameo de Arruda Penteado        
[22:32:02.469] INFO  [main] jKad.controller.JKad -      @email  polaco@gmail.com                        
[22:32:02.469] INFO  [main] jKad.controller.JKad -      @url    http://sourceforge.net/projects/jkad    
[22:32:02.469] INFO  [main] jKad.controller.JKad - \-----------------------------------------------------
[22:32:02.469] INFO  [main] jKad.controller.JKad - Starting JKad with 1 nodes
[22:32:02.469] INFO  [main] jKad.controller.JKad - JKad sucessfully started
[22:32:07.485] INFO  [main] jKad.controller.JKad - Stop command received, JKad going down!
[22:32:07.485] ERROR [Node0.UDPReceiver] jKad.controller.io.UDPReceiver - java.net.SocketException: socket closed
[22:32:07.501] INFO  [main] jKad.controller.JKad - JKad Sucessfully shutdown! Have a nice day ;)
[22:32:28.907] INFO  [main] jKad.controller.JKad - /---------------------------------------------------\
[22:32:28.907] INFO  [main] jKad.controller.JKad -    JKad                                              
[22:32:28.907] INFO  [main] jKad.controller.JKad -      @author Bruno Colameo de Arruda Penteado        
[22:32:28.907] INFO  [main] jKad.controller.JKad -      @email  polaco@gmail.com                        
[22:32:28.907] INFO  [main] jKad.controller.JKad -      @url    http://sourceforge.net/projects/jkad    
[22:32:28.907] INFO  [main] jKad.controller.JKad - \---------------------------------------------------/
[22:32:28.907] INFO  [main] jKad.controller.JKad - Starting JKad with 1 nodes
[22:32:28.907] INFO  [main] jKad.controller.JKad - JKad sucessfully started
[22:32:33.922] INFO  [main] jKad.controller.JKad - Stop command received, JKad going down!
[22:32:33.938] ERROR [Node0.UDPReceiver] jKad.controller.io.UDPReceiver - java.net.SocketException: socket closed
[22:32:33.938] INFO  [main] jKad.controller.JKad - JKad Sucessfully shutdown! Have a nice day ;)
[22:32:59.907] INFO  [main] jKad.controller.JKad - /===================================================\
[22:32:59.907] INFO  [main] jKad.controller.JKad -    JKad                                              
[22:32:59.907] INFO  [main] jKad.controller.JKad -      @author Bruno Colameo de Arruda Penteado        
[22:32:59.907] INFO  [main] jKad.controller.JKad -      @email  polaco@gmail.com                        
[22:32:59.907] INFO  [main] jKad.controller.JKad -      @url    http://sourceforge.net/projects/jkad    
[22:32:59.922] INFO  [main] jKad.controller.JKad - \---------------------------------------------------/
[22:32:59.938] INFO  [main] jKad.controller.JKad - Starting JKad with 1 nodes
[22:32:59.938] INFO  [main] jKad.controller.JKad - JKad sucessfully started
[22:33:04.938] INFO  [main] jKad.controller.JKad - Stop command received, JKad going down!
[22:33:04.954] ERROR [Node0.UDPReceiver] jKad.controller.io.UDPReceiver - java.net.SocketException: socket closed
[22:33:04.954] INFO  [main] jKad.controller.JKad - JKad Sucessfully shutdown! Have a nice day ;)
[22:33:24.907] INFO  [main] jKad.controller.JKad - -===================================================-
[22:33:24.907] INFO  [main] jKad.controller.JKad -    JKad                                              
[22:33:24.907] INFO  [main] jKad.controller.JKad -      @author Bruno Colameo de Arruda Penteado        
[22:33:24.907] INFO  [main] jKad.controller.JKad -      @email  polaco@gmail.com                        
[22:33:24.907] INFO  [main] jKad.controller.JKad -      @url    http://sourceforge.net/projects/jkad    
[22:33:24.907] INFO  [main] jKad.controller.JKad - -===================================================-
[22:33:24.907] INFO  [main] jKad.controller.JKad - Starting JKad with 1 nodes
[22:33:24.907] INFO  [main] jKad.controller.JKad - JKad sucessfully started
[22:33:29.922] INFO  [main] jKad.controller.JKad - Stop command received, JKad going down!
[22:33:29.922] ERROR [Node0.UDPReceiver] jKad.controller.io.UDPReceiver - java.net.SocketException: socket closed
[22:33:29.922] INFO  [main] jKad.controller.JKad - JKad Sucessfully shutdown! Have a nice day ;)
